Arguments: 
  C:\Program Files\nodejs\node.exe C:\Users\Administrator\AppData\Roaming\npm\node_modules\yarn\bin\yarn.js

PATH: 
  C:\Program Files (x86)\NVIDIA Corporation\PhysX\Common;C:\Program Files (x86)\Intel\iCLS Client\;C:\Program Files\Intel\iCLS Client\;C:\Windows\system32;C:\Windows;C:\Windows\System32\Wbem;C:\Windows\System32\WindowsPowerShell\v1.0\;C:\Program Files\Intel\Intel(R) Management Engine Components\DAL;C:\Program Files\Intel\Intel(R) Management Engine Components\IPT;C:\Program Files (x86)\Intel\Intel(R) Management Engine Components\DAL;C:\Program Files (x86)\Intel\Intel(R) Management Engine Components\IPT;C:\Program Files\nodejs\;C:\Program Files\TortoiseSVN\bin;C:\Windows\system32\config\systemprofile\.dnx\bin;C:\Program Files\Microsoft DNX\Dnvm\;C:\Program Files\Microsoft SQL Server\130\Tools\Binn\;C:\ProgramData\chocolatey\bin;C:\Program Files\Java\jdk1.8.0_141\bin;C:\Program Files (x86)\Git\cmd;C:\Users\Administrator\AppData\Local\Android\Sdk\platform-tools;C:\Users\Administrator\AppData\Local\Android\Sdk\tools;C:\Users\Administrator\AppData\Local\Google\Chrome\Application;C:\Program Files (x86)\NVIDIA Corporation\PhysX\Common;C:\Program Files (x86)\Intel\iCLS Client\;C:\Program Files\Intel\iCLS Client\;C:\Windows\system32;C:\Windows;C:\Windows\System32\Wbem;C:\Windows\System32\WindowsPowerShell\v1.0\;C:\Program Files\Intel\Intel(R) Management Engine Components\DAL;C:\Program Files\Intel\Intel(R) Management Engine Components\IPT;C:\Program Files (x86)\Intel\Intel(R) Management Engine Components\DAL;C:\Program Files (x86)\Intel\Intel(R) Management Engine Components\IPT;C:\Program Files\nodejs\;C:\Program Files\TortoiseSVN\bin;C:\Users\Administrator\AppData\Roaming\npm;C:\Users\Administrator\.nowa-gui\installation\node_modules\.bin;C:\Users\Administrator\AppData\Local\Programs\nowa-gui-version\resources\app\nodes;C:\Users\Administrator\AppData\Local\Programs\Fiddler

Yarn version: 
  0.27.5

Node version: 
  8.1.3

Platform: 
  win32 x64

npm manifest: 
  {
    "private": true,
    "scripts": {
      "start": "roadhog server",
      "build": "roadhog build",
      "lint": "eslint --ext .js src test",
      "precommit": "npm run lint"
    },
    "engines": {
      "install-node": "6.9.2"
    },
    "dependencies": {
      "antd": "^2.12.2",
      "babel-plugin-import": "^1.2.1",
      "babel-runtime": "^6.9.2",
      "dva": "^1.2.1",
      "lodash": "^4.17.4",
      "moment": "^2.18.1",
      "path-to-regexp": "^1.7.0",
      "promise-polyfill": "^6.0.2",
      "react": "^15.4.0",
      "react-dom": "^15.4.0",
      "whatwg-fetch": "^2.0.3"
    },
    "devDependencies": {
      "babel-eslint": "^7.1.1",
      "babel-plugin-dva-hmr": "^0.3.2",
      "babel-plugin-transform-runtime": "^6.9.0",
      "eslint": "^3.12.2",
      "eslint-config-airbnb": "^13.0.0",
      "eslint-plugin-import": "^2.2.0",
      "eslint-plugin-jsx-a11y": "^2.2.3",
      "eslint-plugin-react": "^6.8.0",
      "expect": "^1.20.2",
      "husky": "^0.12.0",
      "redbox-react": "^1.3.2",
      "roadhog": "^0.5.2"
    }
  }

yarn manifest: 
  No manifest

Lockfile: 
  No lockfile

Trace: 
  Error: EEXIST: file already exists, mkdir 'F:\aiyeo\wccy\membersystem\node_modules\acorn-jsx'
